<?xml version="1.0" encoding="UTF-8"?>
<!-- Generated by org.testng.reporters.JUnitXMLReporter -->
<testsuite ignored="1" hostname="PawitriJ" failures="0" tests="1" name="Default test" time="277.21" errors="0" timestamp="2022-06-28T19:56:36 EDT">
  <testcase classname="testCases.CartTest" name="Cart_VerifySubTotal_2" time="251.135"/>
  <testcase classname="testCases.CartTest" name="Cart_VerifySaveForLater_1" time="0.0">
    <ignored/>
  </testcase> <!-- Cart_VerifySaveForLater_1 -->
</testsuite> <!-- Default test -->
