<?xml version="1.0" encoding="UTF-8"?>
<!-- Generated by org.testng.reporters.JUnitXMLReporter -->
<testsuite ignored="2" hostname="PawitriJ" failures="0" tests="1" name="Default test" time="25.956" errors="0" timestamp="2022-06-19T22:17:22 EDT">
  <testcase classname="testCases.HomePageTest" name="homePage_BackTotopButton_2" time="2.898"/>
  <testcase classname="testCases.HomePageTest" name="homePage_logoNavigatesToHomePage_3" time="0.0">
    <ignored/>
  </testcase> <!-- homePage_logoNavigatesToHomePage_3 -->
  <testcase classname="testCases.HomePageTest" name="homePage_HomePageCategoryBanners_1" time="0.0">
    <ignored/>
  </testcase> <!-- homePage_HomePageCategoryBanners_1 -->
</testsuite> <!-- Default test -->
