<?xml version="1.0" encoding="UTF-8"?>
<!-- Generated by org.testng.reporters.JUnitXMLReporter -->
<testsuite ignored="2" hostname="PawitriJ" failures="0" tests="1" name="Default test" time="72.009" errors="0" timestamp="2022-06-23T05:23:24 EDT">
  <testcase classname="testCases.ShopTravelTest" name="Search_hotel_2" time="61.778"/>
  <testcase classname="testCases.ShopTravelTest" name="ShopTravel_SearchCarRental_1" time="0.0">
    <ignored/>
  </testcase> <!-- ShopTravel_SearchCarRental_1 -->
  <testcase classname="testCases.ShopTravelTest" name="Search_flight_3" time="0.0">
    <ignored/>
  </testcase> <!-- Search_flight_3 -->
</testsuite> <!-- Default test -->
