<?xml version="1.0" encoding="UTF-8"?>
<!-- Generated by org.testng.reporters.JUnitXMLReporter -->
<testsuite ignored="1" hostname="PawitriJ" failures="0" tests="1" name="Default test" time="278.401" errors="0" timestamp="2022-06-22T07:34:14 EDT">
  <testcase classname="testCases.CartTest" name="Cart_VerifySubTotal_1" time="275.444"/>
  <testcase classname="testCases.CartTest" name="Cart_VerifySaveForLater_2" time="0.0">
    <ignored/>
  </testcase> <!-- Cart_VerifySaveForLater_2 -->
</testsuite> <!-- Default test -->
