<?xml version="1.0" encoding="UTF-8"?>
<!-- Generated by org.testng.reporters.JUnitXMLReporter -->
<testsuite ignored="5" hostname="PawitriJ" failures="0" tests="1" name="Default test" time="372.773" errors="0" timestamp="2022-06-21T18:19:36 EDT">
  <testcase classname="testCases.HomePageTest" name="homePage_categoryTabFunctionality_1" time="359.976"/>
  <testcase classname="testCases.HomePageTest" name="homePage_logoNavigatesToHomePage_3" time="0.0">
    <ignored/>
  </testcase> <!-- homePage_logoNavigatesToHomePage_3 -->
  <testcase classname="testCases.HomePageTest" name="homePage_BackTotopButton_2" time="0.0">
    <ignored/>
  </testcase> <!-- homePage_BackTotopButton_2 -->
  <testcase classname="testCases.HomePageTest" name="homePage_categoryTabFunctionality_3" time="0.0">
    <ignored/>
  </testcase> <!-- homePage_categoryTabFunctionality_3 -->
  <testcase classname="testCases.HomePageTest" name="homePage_HomePageCategoryBanners_1" time="0.0">
    <ignored/>
  </testcase> <!-- homePage_HomePageCategoryBanners_1 -->
  <testcase classname="testCases.HomePageTest" name="homePage_tabsUnderSearchBarFunctionality_2" time="0.0">
    <ignored/>
  </testcase> <!-- homePage_tabsUnderSearchBarFunctionality_2 -->
</testsuite> <!-- Default test -->
