<?xml version="1.0" encoding="UTF-8"?>
<testng-results ignored="1" total="2" passed="1" failed="0" skipped="0">
  <reporter-output>
  </reporter-output>
  <suite started-at="2022-06-28T19:51:59 EDT" name="Default suite" finished-at="2022-06-28T19:56:36 EDT" duration-ms="277210">
    <groups>
    </groups>
    <test started-at="2022-06-28T19:51:59 EDT" name="Default test" finished-at="2022-06-28T19:56:36 EDT" duration-ms="277210">
      <class name="testCases.CartTest">
        <test-method is-config="true" signature="setUp()[pri:0, instance:testCases.CartTest@42f9c19a]" started-at="2022-06-28T19:51:59 EDT" name="setUp" finished-at="2022-06-28T19:52:25 EDT" duration-ms="25473" status="PASS">
          <reporter-output>
          </reporter-output>
        </test-method> <!-- setUp -->
        <test-method signature="Cart_VerifySubTotal_2()[pri:2, instance:testCases.CartTest@42f9c19a]" started-at="2022-06-28T19:52:25 EDT" name="Cart_VerifySubTotal_2" finished-at="2022-06-28T19:56:36 EDT" duration-ms="251135" status="PASS">
          <reporter-output>
          </reporter-output>
        </test-method> <!-- Cart_VerifySubTotal_2 -->
        <test-method is-config="true" signature="destroy()[pri:0, instance:testCases.CartTest@42f9c19a]" started-at="2022-06-28T19:56:36 EDT" name="destroy" finished-at="2022-06-28T19:56:36 EDT" duration-ms="547" status="PASS">
          <reporter-output>
          </reporter-output>
        </test-method> <!-- destroy -->
      </class> <!-- testCases.CartTest -->
    </test> <!-- Default test -->
  </suite> <!-- Default suite -->
</testng-results>
